<?xml version="1.0" encoding="UTF-8"?>
<!-- Generated by org.testng.reporters.JUnitXMLReporter -->
<testsuite ignored="0" hostname="LAPTOP-O47GKOQR" failures="0" tests="4" name="Default test" time="21.963" errors="0" timestamp="2021-05-05T22:38:53 IST">
  <testcase classname="com.testScenarios.GymSubMenuItems" name="clickFitnessLink" time="3.415"/>
  <testcase classname="com.testScenarios.GymSubMenuItems" name="clickGymLink" time="2.465"/>
  <testcase classname="com.testScenarios.GymSubMenuItems" name="subItems" time="2.253"/>
  <testcase classname="com.testScenarios.GymSubMenuItems" name="backToHome" time="5.663"/>
</testsuite> <!-- Default test -->
