<?xml version="1.0" encoding="UTF-8"?>
<!-- Generated by org.testng.reporters.JUnitXMLReporter -->
<testsuite ignored="0" hostname="LAPTOP-O47GKOQR" failures="0" tests="4" name="Default test" time="13.014" errors="0" timestamp="2021-05-05T16:08:19 IST">
  <testcase classname="com.testScenarios.GymSubMenuItems" name="clickFitnessLink" time="2.032"/>
  <testcase classname="com.testScenarios.GymSubMenuItems" name="clickGymLink" time="1.536"/>
  <testcase classname="com.testScenarios.GymSubMenuItems" name="subItems" time="1.207"/>
  <testcase classname="com.testScenarios.GymSubMenuItems" name="backToHome" time="2.023"/>
</testsuite> <!-- Default test -->
