<?xml version="1.0" encoding="UTF-8"?>
<!-- Generated by org.testng.reporters.JUnitXMLReporter -->
<testsuite ignored="0" hostname="LAPTOP-O47GKOQR" failures="0" tests="3" name="Test3" time="26.825" errors="0" timestamp="2021-05-04T10:01:36 IST">
  <testcase classname="com.testScenarios.FreeListing" name="clickFreeListingLink" time="3.243"/>
  <testcase classname="com.testScenarios.FreeListing" name="fillFormValues" time="1.873"/>
  <testcase classname="com.testScenarios.FreeListing" name="submitForm" time="7.051"/>
</testsuite> <!-- Test3 -->
