<?xml version="1.0" encoding="UTF-8"?>
<!-- Generated by org.testng.reporters.JUnitXMLReporter -->
<testsuite ignored="0" hostname="LAPTOP-O47GKOQR" failures="0" tests="3" name="Test3" time="16.225" errors="0" timestamp="2021-05-05T22:35:10 IST">
  <testcase classname="com.testScenarios.FreeListing" name="clickFreeListingLink" time="3.064"/>
  <testcase classname="com.testScenarios.FreeListing" name="fillFormValues" time="1.622"/>
  <testcase classname="com.testScenarios.FreeListing" name="submitForm" time="3.89"/>
</testsuite> <!-- Test3 -->
