<?xml version="1.0" encoding="UTF-8"?>
<!-- Generated by org.testng.reporters.JUnitXMLReporter -->
<testsuite ignored="0" hostname="LAPTOP-O47GKOQR" failures="0" tests="9" name="Test2" time="28.191" errors="0" timestamp="2021-05-05T17:11:14 IST">
  <testcase classname="com.testScenarios.CarWashServices" name="verifyHomeTitle" time="0.396"/>
  <testcase classname="com.testScenarios.CarWashServices" name="clickLocationButton" time="0.083"/>
  <testcase classname="com.testScenarios.CarWashServices" name="chooseLocation" time="0.492"/>
  <testcase classname="com.testScenarios.CarWashServices" name="clickSearchTextBox" time="0.352"/>
  <testcase classname="com.testScenarios.CarWashServices" name="enterService" time="0.455"/>
  <testcase classname="com.testScenarios.CarWashServices" name="clickSearchButton" time="2.191"/>
  <testcase classname="com.testScenarios.CarWashServices" name="verifyCarWashingTitle" time="0.362"/>
  <testcase classname="com.testScenarios.CarWashServices" name="getSearchResults" time="17.806"/>
  <testcase classname="com.testScenarios.CarWashServices" name="returnToHomePage" time="1.013"/>
</testsuite> <!-- Test2 -->
