<?xml version="1.0" encoding="UTF-8"?>
<!-- Generated by org.testng.reporters.JUnitXMLReporter -->
<testsuite ignored="0" hostname="LAPTOP-O47GKOQR" failures="0" tests="4" name="Test4" time="12.565" errors="0" timestamp="2021-05-05T17:11:38 IST">
  <testcase classname="com.testScenarios.GymSubMenuItems" name="clickFitnessLink" time="1.885"/>
  <testcase classname="com.testScenarios.GymSubMenuItems" name="clickGymLink" time="2.122"/>
  <testcase classname="com.testScenarios.GymSubMenuItems" name="subItems" time="0.723"/>
  <testcase classname="com.testScenarios.GymSubMenuItems" name="backToHome" time="2.314"/>
</testsuite> <!-- Test4 -->
