<?xml version="1.0" encoding="UTF-8"?>
<!-- Generated by org.testng.reporters.JUnitXMLReporter -->
<testsuite ignored="0" hostname="LAPTOP-O47GKOQR" failures="0" tests="9" name="Test2" time="43.441" errors="0" timestamp="2021-05-05T22:34:54 IST">
  <testcase classname="com.testScenarios.CarWashServices" name="verifyHomeTitle" time="0.399"/>
  <testcase classname="com.testScenarios.CarWashServices" name="clickLocationButton" time="0.142"/>
  <testcase classname="com.testScenarios.CarWashServices" name="chooseLocation" time="0.573"/>
  <testcase classname="com.testScenarios.CarWashServices" name="clickSearchTextBox" time="0.442"/>
  <testcase classname="com.testScenarios.CarWashServices" name="enterService" time="0.588"/>
  <testcase classname="com.testScenarios.CarWashServices" name="clickSearchButton" time="3.395"/>
  <testcase classname="com.testScenarios.CarWashServices" name="verifyCarWashingTitle" time="0.518"/>
  <testcase classname="com.testScenarios.CarWashServices" name="getSearchResults" time="26.546"/>
  <testcase classname="com.testScenarios.CarWashServices" name="returnToHomePage" time="1.908"/>
</testsuite> <!-- Test2 -->
