<?xml version="1.0" encoding="UTF-8"?>
<!-- Generated by org.testng.reporters.JUnitXMLReporter -->
<testsuite ignored="0" hostname="LAPTOP-O47GKOQR" failures="0" tests="4" name="Test4" time="20.503" errors="0" timestamp="2021-05-04T10:01:57 IST">
  <testcase classname="com.testScenarios.GymSubMenuItems" name="clickFitnessLink" time="2.053"/>
  <testcase classname="com.testScenarios.GymSubMenuItems" name="clickGymLink" time="1.934"/>
  <testcase classname="com.testScenarios.GymSubMenuItems" name="subItems" time="0.625"/>
  <testcase classname="com.testScenarios.GymSubMenuItems" name="backToHome" time="3.172"/>
</testsuite> <!-- Test4 -->
