<?xml version="1.0" encoding="UTF-8"?>
<!-- Generated by org.testng.reporters.JUnitXMLReporter -->
<testsuite ignored="0" hostname="LAPTOP-O47GKOQR" failures="0" tests="4" name="Test1" time="15.593" errors="0" timestamp="2021-05-05T17:10:46 IST">
  <testcase classname="com.testScenarios.BasicFunctionalityTest" name="verifyHomeTitle" time="0.41"/>
  <testcase classname="com.testScenarios.BasicFunctionalityTest" name="navigateToFreeListing" time="2.604"/>
  <testcase classname="com.testScenarios.BasicFunctionalityTest" name="navigateToCustomerCare" time="2.507"/>
  <testcase classname="com.testScenarios.BasicFunctionalityTest" name="navigateToSocial" time="3.523"/>
</testsuite> <!-- Test1 -->
