<?xml version="1.0" encoding="UTF-8"?>
<!-- Generated by org.testng.reporters.JUnitXMLReporter -->
<testsuite ignored="0" hostname="LAPTOP-O47GKOQR" failures="0" tests="4" name="Test1" time="21.543" errors="0" timestamp="05 May 2021 17:13:03 GMT">
  <testcase classname="com.testScenarios.BasicFunctionalityTest" name="verifyHomeTitle" time="0.604"/>
  <testcase classname="com.testScenarios.BasicFunctionalityTest" name="navigateToFreeListing" time="4.064"/>
  <testcase classname="com.testScenarios.BasicFunctionalityTest" name="navigateToCustomerCare" time="3.958"/>
  <testcase classname="com.testScenarios.BasicFunctionalityTest" name="navigateToSocial" time="4.531"/>
</testsuite> <!-- Test1 -->
