<?xml version="1.0" encoding="UTF-8"?>
<!-- Generated by org.testng.reporters.JUnitXMLReporter -->
<testsuite ignored="0" hostname="LAPTOP-O47GKOQR" failures="0" tests="9" name="Test2" time="50.758" errors="0" timestamp="05 May 2021 17:13:54 GMT">
  <testcase classname="com.testScenarios.CarWashServices" name="verifyHomeTitle" time="0.491"/>
  <testcase classname="com.testScenarios.CarWashServices" name="clickLocationButton" time="0.234"/>
  <testcase classname="com.testScenarios.CarWashServices" name="chooseLocation" time="0.819"/>
  <testcase classname="com.testScenarios.CarWashServices" name="clickSearchTextBox" time="0.605"/>
  <testcase classname="com.testScenarios.CarWashServices" name="enterService" time="0.77"/>
  <testcase classname="com.testScenarios.CarWashServices" name="clickSearchButton" time="2.837"/>
  <testcase classname="com.testScenarios.CarWashServices" name="verifyCarWashingTitle" time="0.533"/>
  <testcase classname="com.testScenarios.CarWashServices" name="getSearchResults" time="35.658"/>
  <testcase classname="com.testScenarios.CarWashServices" name="returnToHomePage" time="1.889"/>
</testsuite> <!-- Test2 -->
