<?xml version="1.0" encoding="UTF-8"?>
<!-- Generated by org.testng.reporters.JUnitXMLReporter -->
<testsuite ignored="0" hostname="LAPTOP-O47GKOQR" failures="0" tests="9" name="Test2" time="55.747" errors="0" timestamp="04 May 2021 04:36:30 GMT">
  <testcase classname="com.testScenarios.CarWashServices" name="verifyHomeTitle" time="0.029"/>
  <testcase classname="com.testScenarios.CarWashServices" name="clickLocationButton" time="0.312"/>
  <testcase classname="com.testScenarios.CarWashServices" name="chooseLocation" time="0.923"/>
  <testcase classname="com.testScenarios.CarWashServices" name="clickSearchTextBox" time="0.695"/>
  <testcase classname="com.testScenarios.CarWashServices" name="enterService" time="0.588"/>
  <testcase classname="com.testScenarios.CarWashServices" name="clickSearchButton" time="2.37"/>
  <testcase classname="com.testScenarios.CarWashServices" name="verifyCarWashingTitle" time="0.486"/>
  <testcase classname="com.testScenarios.CarWashServices" name="getSearchResults" time="37.008"/>
  <testcase classname="com.testScenarios.CarWashServices" name="returnToHomePage" time="1.863"/>
</testsuite> <!-- Test2 -->
