<?xml version="1.0" encoding="UTF-8"?>
<!-- Generated by org.testng.reporters.JUnitXMLReporter -->
<testsuite ignored="0" hostname="LAPTOP-O47GKOQR" failures="0" tests="4" name="Test4" time="20.815" errors="0" timestamp="04 May 2021 04:37:09 GMT">
  <testcase classname="com.testScenarios.GymSubMenuItems" name="clickFitnessLink" time="2.261"/>
  <testcase classname="com.testScenarios.GymSubMenuItems" name="clickGymLink" time="2.066"/>
  <testcase classname="com.testScenarios.GymSubMenuItems" name="subItems" time="0.459"/>
  <testcase classname="com.testScenarios.GymSubMenuItems" name="backToHome" time="3.326"/>
</testsuite> <!-- Test4 -->
