<?xml version="1.0" encoding="UTF-8"?>
<!-- Generated by org.testng.reporters.JUnitXMLReporter -->
<testsuite ignored="0" hostname="LAPTOP-O47GKOQR" failures="0" tests="4" name="Test1" time="21.5" errors="0" timestamp="04 May 2021 04:35:34 GMT">
  <testcase classname="com.testScenarios.BasicFunctionalityTest" name="verifyHomeTitle" time="0.024"/>
  <testcase classname="com.testScenarios.BasicFunctionalityTest" name="navigateToFreeListing" time="3.293"/>
  <testcase classname="com.testScenarios.BasicFunctionalityTest" name="navigateToCustomerCare" time="2.564"/>
  <testcase classname="com.testScenarios.BasicFunctionalityTest" name="navigateToSocial" time="2.808"/>
</testsuite> <!-- Test1 -->
