<?xml version="1.0" encoding="UTF-8"?>
<!-- Generated by org.testng.reporters.JUnitXMLReporter -->
<testsuite ignored="0" hostname="LAPTOP-O47GKOQR" failures="0" tests="4" name="Test4" time="15.452" errors="0" timestamp="05 May 2021 17:14:24 GMT">
  <testcase classname="com.testScenarios.GymSubMenuItems" name="clickFitnessLink" time="2.406"/>
  <testcase classname="com.testScenarios.GymSubMenuItems" name="clickGymLink" time="2.397"/>
  <testcase classname="com.testScenarios.GymSubMenuItems" name="subItems" time="0.966"/>
  <testcase classname="com.testScenarios.GymSubMenuItems" name="backToHome" time="3.256"/>
</testsuite> <!-- Test4 -->
