<?xml version="1.0" encoding="UTF-8"?>
<testsuite xmlns:xsi="http://www.w3.org/2001/XMLSchema-instance" xsi:noNamespaceSchemaLocation="https://maven.apache.org/surefire/maven-surefire-plugin/xsd/surefire-test-report-3.0.xsd" version="3.0" name="TestSuite" time="104.286" tests="20" errors="0" skipped="0" failures="0">
  <properties>
[...]
</properties>
  <testcase name="verifyHomeTitle" classname="com.testScenarios.BasicFunctionalityTest" time="0.543">
    <system-out><![CDATA[[TestNGContentHandler] [WARN] It is strongly recommended to add "<!DOCTYPE suite SYSTEM "http://testng.org/testng-1.0.dtd" >" at the top of your file, otherwise TestNG may fail or not work as expected.
]]></system-out>
    <system-err><![CDATA[Starting ChromeDriver 90.0.4430.24 (4c6d850f087da467d926e8eddb76550aed655991-refs/branch-heads/4430@{#429}) on port 4641
Only local connections are allowed.
Please see https://chromedriver.chromium.org/security-considerations for suggestions on keeping ChromeDriver safe.
ChromeDriver was started successfully.
May 05, 2021 10:42:43 PM org.openqa.selenium.remote.ProtocolHandshake createSession
INFO: Detected dialect: W3C
]]></system-err>
  </testcase>
  <testcase name="navigateToFreeListing" classname="com.testScenarios.BasicFunctionalityTest" time="4.07">
    <system-out><![CDATA[Successfully navigated to FreeListing page
]]></system-out>
  </testcase>
  <testcase name="navigateToCustomerCare" classname="com.testScenarios.BasicFunctionalityTest" time="3.958">
    <system-out><![CDATA[Successfully navigated to JD Customer care page
]]></system-out>
  </testcase>
  <testcase name="navigateToSocial" classname="com.testScenarios.BasicFunctionalityTest" time="4.53">
    <system-out><![CDATA[Successfully navigated to JD Social page
]]></system-out>
  </testcase>
  <testcase name="verifyHomeTitle" classname="com.testScenarios.CarWashServices" time="0.398">
    <system-err><![CDATA[Starting ChromeDriver 90.0.4430.24 (4c6d850f087da467d926e8eddb76550aed655991-refs/branch-heads/4430@{#429}) on port 34904
Only local connections are allowed.
Please see https://chromedriver.chromium.org/security-considerations for suggestions on keeping ChromeDriver safe.
ChromeDriver was started successfully.
May 05, 2021 10:43:04 PM org.openqa.selenium.remote.ProtocolHandshake createSession
INFO: Detected dialect: W3C
]]></system-err>
  </testcase>
  <testcase name="clickLocationButton" classname="com.testScenarios.CarWashServices" time="0.234"/>
  <testcase name="chooseLocation" classname="com.testScenarios.CarWashServices" time="0.82"/>
  <testcase name="clickSearchTextBox" classname="com.testScenarios.CarWashServices" time="0.605"/>
  <testcase name="enterService" classname="com.testScenarios.CarWashServices" time="0.771"/>
  <testcase name="clickSearchButton" classname="com.testScenarios.CarWashServices" time="2.838"/>
  <testcase name="verifyCarWashingTitle" classname="com.testScenarios.CarWashServices" time="0.537">
    <system-out><![CDATA[Top 100 Car Washing Services in Kolkata - Best Car Cleaning Services - Justdial
]]></system-out>
  </testcase>
  <testcase name="getSearchResults" classname="com.testScenarios.CarWashServices" time="35.701">
    <system-out><![CDATA[Fast Car Solutions     07947070169

Clean N Shine     07947405726

Shine Car Polish     07947405119

Zenith Auto     +(91)-033-5708932

Mondals Udyog     07947408682

]]></system-out>
  </testcase>
  <testcase name="returnToHomePage" classname="com.testScenarios.CarWashServices" time="1.844"/>
  <testcase name="clickFreeListingLink" classname="com.testScenarios.FreeListing" time="2.687">
    <system-err><![CDATA[Starting ChromeDriver 90.0.4430.24 (4c6d850f087da467d926e8eddb76550aed655991-refs/branch-heads/4430@{#429}) on port 26376
Only local connections are allowed.
Please see https://chromedriver.chromium.org/security-considerations for suggestions on keeping ChromeDriver safe.
ChromeDriver was started successfully.
May 05, 2021 10:43:55 PM org.openqa.selenium.remote.ProtocolHandshake createSession
INFO: Detected dialect: W3C
]]></system-err>
  </testcase>
  <testcase name="fillFormValues" classname="com.testScenarios.FreeListing" time="1.482"/>
  <testcase name="submitForm" classname="com.testScenarios.FreeListing" time="3.948">
    <system-out><![CDATA[The error message is: Mobile can start with 6,7,8 or 9 only
]]></system-out>
  </testcase>
  <testcase name="clickFitnessLink" classname="com.testScenarios.GymSubMenuItems" time="2.35">
    <system-err><![CDATA[Starting ChromeDriver 90.0.4430.24 (4c6d850f087da467d926e8eddb76550aed655991-refs/branch-heads/4430@{#429}) on port 30542
Only local connections are allowed.
Please see https://chromedriver.chromium.org/security-considerations for suggestions on keeping ChromeDriver safe.
ChromeDriver was started successfully.
May 05, 2021 10:44:10 PM org.openqa.selenium.remote.ProtocolHandshake createSession
INFO: Detected dialect: W3C
]]></system-err>
  </testcase>
  <testcase name="clickGymLink" classname="com.testScenarios.GymSubMenuItems" time="2.397"/>
  <testcase name="subItems" classname="com.testScenarios.GymSubMenuItems" time="0.976">
    <system-out><![CDATA[All Options
24 Hours Gyms
Calisthenic Gyms
Children Gyms
Luxury Gyms
Men Gyms
Unisex Gyms
Women Gyms
]]></system-out>
  </testcase>
  <testcase name="backToHome" classname="com.testScenarios.GymSubMenuItems" time="3.246"/>
</testsuite>