<?xml version="1.0" encoding="UTF-8"?>
<testng-results ignored="0" total="20" passed="20" failed="0" skipped="0">
  <reporter-output>
  </reporter-output>
  <suite started-at="2021-05-04T04:35:13Z" name="Suite" finished-at="2021-05-04T04:37:09Z" duration-ms="116839">
    <groups>
      <group name="Regression">
        <method signature="BasicFunctionalityTest.navigateToCustomerCare()[pri:2, instance:com.testScenarios.BasicFunctionalityTest@3c77d488]" name="navigateToCustomerCare" class="com.testScenarios.BasicFunctionalityTest"/>
        <method signature="BasicFunctionalityTest.navigateToFreeListing()[pri:1, instance:com.testScenarios.BasicFunctionalityTest@3c77d488]" name="navigateToFreeListing" class="com.testScenarios.BasicFunctionalityTest"/>
        <method signature="BasicFunctionalityTest.navigateToSocial()[pri:3, instance:com.testScenarios.BasicFunctionalityTest@3c77d488]" name="navigateToSocial" class="com.testScenarios.BasicFunctionalityTest"/>
        <method signature="BasicFunctionalityTest.verifyHomeTitle()[pri:0, instance:com.testScenarios.BasicFunctionalityTest@3c77d488]" name="verifyHomeTitle" class="com.testScenarios.BasicFunctionalityTest"/>
        <method signature="CarWashServices.chooseLocation()[pri:2, instance:com.testScenarios.CarWashServices@69e153c5]" name="chooseLocation" class="com.testScenarios.CarWashServices"/>
        <method signature="CarWashServices.enterService()[pri:4, instance:com.testScenarios.CarWashServices@69e153c5]" name="enterService" class="com.testScenarios.CarWashServices"/>
        <method signature="CarWashServices.getSearchResults()[pri:7, instance:com.testScenarios.CarWashServices@69e153c5]" name="getSearchResults" class="com.testScenarios.CarWashServices"/>
        <method signature="CarWashServices.returnToHomePage()[pri:8, instance:com.testScenarios.CarWashServices@69e153c5]" name="returnToHomePage" class="com.testScenarios.CarWashServices"/>
        <method signature="CarWashServices.verifyCarWashingTitle()[pri:6, instance:com.testScenarios.CarWashServices@69e153c5]" name="verifyCarWashingTitle" class="com.testScenarios.CarWashServices"/>
        <method signature="CarWashServices.verifyHomeTitle()[pri:0, instance:com.testScenarios.CarWashServices@69e153c5]" name="verifyHomeTitle" class="com.testScenarios.CarWashServices"/>
        <method signature="FreeListing.fillFormValues()[pri:1, instance:com.testScenarios.FreeListing@5d0bf09b]" name="fillFormValues" class="com.testScenarios.FreeListing"/>
        <method signature="FreeListing.submitForm()[pri:2, instance:com.testScenarios.FreeListing@5d0bf09b]" name="submitForm" class="com.testScenarios.FreeListing"/>
        <method signature="GymSubMenuItems.backToHome()[pri:3, instance:com.testScenarios.GymSubMenuItems@202b0582]" name="backToHome" class="com.testScenarios.GymSubMenuItems"/>
        <method signature="GymSubMenuItems.subItems()[pri:2, instance:com.testScenarios.GymSubMenuItems@202b0582]" name="subItems" class="com.testScenarios.GymSubMenuItems"/>
      </group> <!-- Regression -->
      <group name="Smoke">
        <method signature="CarWashServices.clickLocationButton()[pri:1, instance:com.testScenarios.CarWashServices@69e153c5]" name="clickLocationButton" class="com.testScenarios.CarWashServices"/>
        <method signature="CarWashServices.clickSearchButton()[pri:5, instance:com.testScenarios.CarWashServices@69e153c5]" name="clickSearchButton" class="com.testScenarios.CarWashServices"/>
        <method signature="CarWashServices.clickSearchTextBox()[pri:3, instance:com.testScenarios.CarWashServices@69e153c5]" name="clickSearchTextBox" class="com.testScenarios.CarWashServices"/>
        <method signature="FreeListing.clickFreeListingLink()[pri:0, instance:com.testScenarios.FreeListing@5d0bf09b]" name="clickFreeListingLink" class="com.testScenarios.FreeListing"/>
        <method signature="GymSubMenuItems.clickFitnessLink()[pri:0, instance:com.testScenarios.GymSubMenuItems@202b0582]" name="clickFitnessLink" class="com.testScenarios.GymSubMenuItems"/>
        <method signature="GymSubMenuItems.clickGymLink()[pri:1, instance:com.testScenarios.GymSubMenuItems@202b0582]" name="clickGymLink" class="com.testScenarios.GymSubMenuItems"/>
      </group> <!-- Smoke -->
    </groups>
    <test started-at="2021-05-04T04:35:13Z" name="Test1" finished-at="2021-05-04T04:35:34Z" duration-ms="21500">
      <class name="com.testScenarios.BasicFunctionalityTest">
        <test-method is-config="true" signature="driverConfig()[pri:0, instance:com.testScenarios.BasicFunctionalityTest@3c77d488]" started-at="2021-05-04T10:05:13Z" name="driverConfig" finished-at="2021-05-04T10:05:24Z" duration-ms="11764" status="PASS">
          <reporter-output>
          </reporter-output>
        </test-method> <!-- driverConfig -->
        <test-method signature="verifyHomeTitle()[pri:0, instance:com.testScenarios.BasicFunctionalityTest@3c77d488]" started-at="2021-05-04T10:05:24Z" name="verifyHomeTitle" finished-at="2021-05-04T10:05:24Z" duration-ms="24" status="PASS">
          <reporter-output>
          </reporter-output>
        </test-method> <!-- verifyHomeTitle -->
        <test-method signature="navigateToFreeListing()[pri:1, instance:com.testScenarios.BasicFunctionalityTest@3c77d488]" started-at="2021-05-04T10:05:24Z" name="navigateToFreeListing" finished-at="2021-05-04T10:05:28Z" duration-ms="3293" status="PASS">
          <reporter-output>
          </reporter-output>
        </test-method> <!-- navigateToFreeListing -->
        <test-method signature="navigateToCustomerCare()[pri:2, instance:com.testScenarios.BasicFunctionalityTest@3c77d488]" started-at="2021-05-04T10:05:28Z" name="navigateToCustomerCare" finished-at="2021-05-04T10:05:30Z" duration-ms="2564" status="PASS">
          <reporter-output>
          </reporter-output>
        </test-method> <!-- navigateToCustomerCare -->
        <test-method signature="navigateToSocial()[pri:3, instance:com.testScenarios.BasicFunctionalityTest@3c77d488]" started-at="2021-05-04T10:05:30Z" name="navigateToSocial" finished-at="2021-05-04T10:05:33Z" duration-ms="2808" status="PASS">
          <reporter-output>
          </reporter-output>
        </test-method> <!-- navigateToSocial -->
        <test-method is-config="true" signature="tearDown()[pri:0, instance:com.testScenarios.BasicFunctionalityTest@3c77d488]" started-at="2021-05-04T10:05:33Z" name="tearDown" finished-at="2021-05-04T10:05:34Z" duration-ms="1027" status="PASS">
          <reporter-output>
          </reporter-output>
        </test-method> <!-- tearDown -->
      </class> <!-- com.testScenarios.BasicFunctionalityTest -->
    </test> <!-- Test1 -->
    <test started-at="2021-05-04T04:35:34Z" name="Test2" finished-at="2021-05-04T04:36:30Z" duration-ms="55747">
      <class name="com.testScenarios.CarWashServices">
        <test-method is-config="true" signature="driverConfig()[pri:0, instance:com.testScenarios.CarWashServices@69e153c5]" started-at="2021-05-04T10:05:34Z" name="driverConfig" finished-at="2021-05-04T10:05:45Z" duration-ms="11128" status="PASS">
          <reporter-output>
          </reporter-output>
        </test-method> <!-- driverConfig -->
        <test-method signature="verifyHomeTitle()[pri:0, instance:com.testScenarios.CarWashServices@69e153c5]" started-at="2021-05-04T10:05:45Z" name="verifyHomeTitle" finished-at="2021-05-04T10:05:45Z" duration-ms="29" status="PASS">
          <reporter-output>
          </reporter-output>
        </test-method> <!-- verifyHomeTitle -->
        <test-method signature="clickLocationButton()[pri:1, instance:com.testScenarios.CarWashServices@69e153c5]" started-at="2021-05-04T10:05:45Z" name="clickLocationButton" finished-at="2021-05-04T10:05:46Z" duration-ms="312" status="PASS">
          <reporter-output>
          </reporter-output>
        </test-method> <!-- clickLocationButton -->
        <test-method signature="chooseLocation()[pri:2, instance:com.testScenarios.CarWashServices@69e153c5]" started-at="2021-05-04T10:05:46Z" name="chooseLocation" finished-at="2021-05-04T10:05:47Z" duration-ms="923" status="PASS">
          <reporter-output>
          </reporter-output>
        </test-method> <!-- chooseLocation -->
        <test-method signature="clickSearchTextBox()[pri:3, instance:com.testScenarios.CarWashServices@69e153c5]" started-at="2021-05-04T10:05:47Z" name="clickSearchTextBox" finished-at="2021-05-04T10:05:47Z" duration-ms="695" status="PASS">
          <reporter-output>
          </reporter-output>
        </test-method> <!-- clickSearchTextBox -->
        <test-method signature="enterService()[pri:4, instance:com.testScenarios.CarWashServices@69e153c5]" started-at="2021-05-04T10:05:47Z" name="enterService" finished-at="2021-05-04T10:05:48Z" duration-ms="588" status="PASS">
          <reporter-output>
          </reporter-output>
        </test-method> <!-- enterService -->
        <test-method signature="clickSearchButton()[pri:5, instance:com.testScenarios.CarWashServices@69e153c5]" started-at="2021-05-04T10:05:48Z" name="clickSearchButton" finished-at="2021-05-04T10:05:50Z" duration-ms="2370" status="PASS">
          <reporter-output>
          </reporter-output>
        </test-method> <!-- clickSearchButton -->
        <test-method signature="verifyCarWashingTitle()[pri:6, instance:com.testScenarios.CarWashServices@69e153c5]" started-at="2021-05-04T10:05:50Z" name="verifyCarWashingTitle" finished-at="2021-05-04T10:05:51Z" duration-ms="486" status="PASS">
          <reporter-output>
          </reporter-output>
        </test-method> <!-- verifyCarWashingTitle -->
        <test-method signature="getSearchResults()[pri:7, instance:com.testScenarios.CarWashServices@69e153c5]" started-at="2021-05-04T10:05:51Z" name="getSearchResults" finished-at="2021-05-04T10:06:28Z" duration-ms="37008" status="PASS">
          <reporter-output>
          </reporter-output>
        </test-method> <!-- getSearchResults -->
        <test-method signature="returnToHomePage()[pri:8, instance:com.testScenarios.CarWashServices@69e153c5]" started-at="2021-05-04T10:06:28Z" name="returnToHomePage" finished-at="2021-05-04T10:06:30Z" duration-ms="1863" status="PASS">
          <reporter-output>
          </reporter-output>
        </test-method> <!-- returnToHomePage -->
        <test-method is-config="true" signature="tearDown()[pri:0, instance:com.testScenarios.CarWashServices@69e153c5]" started-at="2021-05-04T10:06:30Z" name="tearDown" finished-at="2021-05-04T10:06:30Z" duration-ms="339" status="PASS">
          <reporter-output>
          </reporter-output>
        </test-method> <!-- tearDown -->
      </class> <!-- com.testScenarios.CarWashServices -->
    </test> <!-- Test2 -->
    <test started-at="2021-05-04T04:36:30Z" name="Test3" finished-at="2021-05-04T04:36:49Z" duration-ms="18727">
      <class name="com.testScenarios.FreeListing">
        <test-method is-config="true" signature="driverConfig()[pri:0, instance:com.testScenarios.FreeListing@5d0bf09b]" started-at="2021-05-04T10:06:30Z" name="driverConfig" finished-at="2021-05-04T10:06:40Z" duration-ms="9815" status="PASS">
          <reporter-output>
          </reporter-output>
        </test-method> <!-- driverConfig -->
        <test-method signature="clickFreeListingLink()[pri:0, instance:com.testScenarios.FreeListing@5d0bf09b]" started-at="2021-05-04T10:06:40Z" name="clickFreeListingLink" finished-at="2021-05-04T10:06:42Z" duration-ms="2761" status="PASS">
          <reporter-output>
          </reporter-output>
        </test-method> <!-- clickFreeListingLink -->
        <test-method signature="fillFormValues()[pri:1, instance:com.testScenarios.FreeListing@5d0bf09b]" started-at="2021-05-04T10:06:42Z" name="fillFormValues" finished-at="2021-05-04T10:06:45Z" duration-ms="2055" status="PASS">
          <reporter-output>
          </reporter-output>
        </test-method> <!-- fillFormValues -->
        <test-method signature="submitForm()[pri:2, instance:com.testScenarios.FreeListing@5d0bf09b]" started-at="2021-05-04T10:06:45Z" name="submitForm" finished-at="2021-05-04T10:06:48Z" duration-ms="3706" status="PASS">
          <reporter-output>
          </reporter-output>
        </test-method> <!-- submitForm -->
        <test-method is-config="true" signature="tearDown()[pri:0, instance:com.testScenarios.FreeListing@5d0bf09b]" started-at="2021-05-04T10:06:48Z" name="tearDown" finished-at="2021-05-04T10:06:49Z" duration-ms="387" status="PASS">
          <reporter-output>
          </reporter-output>
        </test-method> <!-- tearDown -->
      </class> <!-- com.testScenarios.FreeListing -->
    </test> <!-- Test3 -->
    <test started-at="2021-05-04T04:36:49Z" name="Test4" finished-at="2021-05-04T04:37:09Z" duration-ms="20815">
      <class name="com.testScenarios.GymSubMenuItems">
        <test-method is-config="true" signature="driverConfig()[pri:0, instance:com.testScenarios.GymSubMenuItems@202b0582]" started-at="2021-05-04T10:06:49Z" name="driverConfig" finished-at="2021-05-04T10:07:01Z" duration-ms="12351" status="PASS">
          <reporter-output>
          </reporter-output>
        </test-method> <!-- driverConfig -->
        <test-method signature="clickFitnessLink()[pri:0, instance:com.testScenarios.GymSubMenuItems@202b0582]" started-at="2021-05-04T10:07:01Z" name="clickFitnessLink" finished-at="2021-05-04T10:07:03Z" duration-ms="2261" status="PASS">
          <reporter-output>
          </reporter-output>
        </test-method> <!-- clickFitnessLink -->
        <test-method signature="clickGymLink()[pri:1, instance:com.testScenarios.GymSubMenuItems@202b0582]" started-at="2021-05-04T10:07:03Z" name="clickGymLink" finished-at="2021-05-04T10:07:05Z" duration-ms="2066" status="PASS">
          <reporter-output>
          </reporter-output>
        </test-method> <!-- clickGymLink -->
        <test-method signature="subItems()[pri:2, instance:com.testScenarios.GymSubMenuItems@202b0582]" started-at="2021-05-04T10:07:05Z" name="subItems" finished-at="2021-05-04T10:07:06Z" duration-ms="459" status="PASS">
          <reporter-output>
          </reporter-output>
        </test-method> <!-- subItems -->
        <test-method signature="backToHome()[pri:3, instance:com.testScenarios.GymSubMenuItems@202b0582]" started-at="2021-05-04T10:07:06Z" name="backToHome" finished-at="2021-05-04T10:07:09Z" duration-ms="3326" status="PASS">
          <reporter-output>
          </reporter-output>
        </test-method> <!-- backToHome -->
        <test-method is-config="true" signature="tearDown()[pri:0, instance:com.testScenarios.GymSubMenuItems@202b0582]" started-at="2021-05-04T10:07:09Z" name="tearDown" finished-at="2021-05-04T10:07:09Z" duration-ms="351" status="PASS">
          <reporter-output>
          </reporter-output>
        </test-method> <!-- tearDown -->
      </class> <!-- com.testScenarios.GymSubMenuItems -->
    </test> <!-- Test4 -->
  </suite> <!-- Suite -->
</testng-results>
