<?xml version="1.0" encoding="UTF-8"?>
<testng-results ignored="0" total="4" passed="4" failed="0" skipped="0">
  <reporter-output>
  </reporter-output>
  <suite started-at="2021-05-05T22:38:31 IST" name="Default suite" finished-at="2021-05-05T22:38:53 IST" duration-ms="21963">
    <groups>
      <group name="Regression">
        <method signature="GymSubMenuItems.backToHome()[pri:3, instance:com.testScenarios.GymSubMenuItems@6631f5ca]" name="backToHome" class="com.testScenarios.GymSubMenuItems"/>
        <method signature="GymSubMenuItems.subItems()[pri:2, instance:com.testScenarios.GymSubMenuItems@6631f5ca]" name="subItems" class="com.testScenarios.GymSubMenuItems"/>
      </group> <!-- Regression -->
      <group name="Smoke">
        <method signature="GymSubMenuItems.clickFitnessLink()[pri:0, instance:com.testScenarios.GymSubMenuItems@6631f5ca]" name="clickFitnessLink" class="com.testScenarios.GymSubMenuItems"/>
        <method signature="GymSubMenuItems.clickGymLink()[pri:1, instance:com.testScenarios.GymSubMenuItems@6631f5ca]" name="clickGymLink" class="com.testScenarios.GymSubMenuItems"/>
      </group> <!-- Smoke -->
    </groups>
    <test started-at="2021-05-05T22:38:31 IST" name="Default test" finished-at="2021-05-05T22:38:53 IST" duration-ms="21963">
      <class name="com.testScenarios.GymSubMenuItems">
        <test-method is-config="true" signature="driverConfig()[pri:0, instance:com.testScenarios.GymSubMenuItems@6631f5ca]" started-at="2021-05-05T22:38:31 IST" name="driverConfig" finished-at="2021-05-05T22:38:38 IST" duration-ms="6966" status="PASS">
          <reporter-output>
          </reporter-output>
        </test-method> <!-- driverConfig -->
        <test-method signature="clickFitnessLink()[pri:0, instance:com.testScenarios.GymSubMenuItems@6631f5ca]" started-at="2021-05-05T22:38:38 IST" name="clickFitnessLink" finished-at="2021-05-05T22:38:41 IST" duration-ms="3415" status="PASS">
          <reporter-output>
          </reporter-output>
        </test-method> <!-- clickFitnessLink -->
        <test-method signature="clickGymLink()[pri:1, instance:com.testScenarios.GymSubMenuItems@6631f5ca]" started-at="2021-05-05T22:38:41 IST" name="clickGymLink" finished-at="2021-05-05T22:38:44 IST" duration-ms="2465" status="PASS">
          <reporter-output>
          </reporter-output>
        </test-method> <!-- clickGymLink -->
        <test-method signature="subItems()[pri:2, instance:com.testScenarios.GymSubMenuItems@6631f5ca]" started-at="2021-05-05T22:38:44 IST" name="subItems" finished-at="2021-05-05T22:38:46 IST" duration-ms="2253" status="PASS">
          <reporter-output>
          </reporter-output>
        </test-method> <!-- subItems -->
        <test-method signature="backToHome()[pri:3, instance:com.testScenarios.GymSubMenuItems@6631f5ca]" started-at="2021-05-05T22:38:46 IST" name="backToHome" finished-at="2021-05-05T22:38:52 IST" duration-ms="5663" status="PASS">
          <reporter-output>
          </reporter-output>
        </test-method> <!-- backToHome -->
        <test-method is-config="true" signature="tearDown()[pri:0, instance:com.testScenarios.GymSubMenuItems@6631f5ca]" started-at="2021-05-05T22:38:52 IST" name="tearDown" finished-at="2021-05-05T22:38:53 IST" duration-ms="1146" status="PASS">
          <reporter-output>
          </reporter-output>
        </test-method> <!-- tearDown -->
      </class> <!-- com.testScenarios.GymSubMenuItems -->
    </test> <!-- Default test -->
  </suite> <!-- Default suite -->
</testng-results>
